<?xml version="1.0" encoding="UTF-8"?>
<testng-results ignored="0" total="5" passed="5" failed="0" skipped="0">
  <reporter-output>
  </reporter-output>
  <suite started-at="2025-06-18T20:14:58 GST" name="ParallelTestSuite" finished-at="2025-06-18T20:14:59 GST" duration-ms="572">
    <groups>
    </groups>
    <test started-at="2025-06-18T20:14:58 GST" name="rest-assured Test" finished-at="2025-06-18T20:14:59 GST" duration-ms="572">
      <class name="tests.UserTest">
        <test-method is-config="true" signature="setupSuite()[pri:0, instance:tests.UserTest@502f1f4c]" started-at="2025-06-18T20:14:58 GST" name="setupSuite" finished-at="2025-06-18T20:14:58 GST" duration-ms="67" status="PASS">
          <reporter-output>
          </reporter-output>
        </test-method> <!-- setupSuite -->
        <test-method is-config="true" signature="beforeTestMethod(java.lang.reflect.Method)[pri:0, instance:tests.UserTest@502f1f4c]" started-at="2025-06-18T20:14:58 GST" name="beforeTestMethod" finished-at="2025-06-18T20:14:58 GST" duration-ms="1" status="PASS">
          <params>
            <param index="0">
              <value>
                <![CDATA[public void tests.UserTest.testCreateUser(pojo.requests.CreateUserRequest)]]>
              </value>
            </param>
          </params>
          <reporter-output>
          </reporter-output>
        </test-method> <!-- beforeTestMethod -->
        <test-method signature="testCreateUser(pojo.requests.CreateUserRequest)[pri:0, instance:tests.UserTest@502f1f4c]" started-at="2025-06-18T20:14:58 GST" name="testCreateUser" data-provider="userData" finished-at="2025-06-18T20:14:58 GST" duration-ms="278" status="PASS">
          <params>
            <param index="0">
              <value>
                <![CDATA[CreateUserRequest(id=10, username=Abdullah, firstName=John, lastName=James, email=john@email.com, password=password, phone=67890, userStatus=1)]]>
              </value>
            </param>
          </params>
          <reporter-output>
          </reporter-output>
        </test-method> <!-- testCreateUser -->
        <test-method is-config="true" signature="beforeTestMethod(java.lang.reflect.Method)[pri:0, instance:tests.UserTest@502f1f4c]" started-at="2025-06-18T20:14:58 GST" name="beforeTestMethod" finished-at="2025-06-18T20:14:58 GST" duration-ms="1" status="PASS">
          <params>
            <param index="0">
              <value>
                <![CDATA[public void tests.UserTest.testCreateUser(pojo.requests.CreateUserRequest)]]>
              </value>
            </param>
          </params>
          <reporter-output>
          </reporter-output>
        </test-method> <!-- beforeTestMethod -->
        <test-method is-config="true" signature="afterTestMethod(org.testng.ITestResult)[pri:0, instance:tests.UserTest@502f1f4c]" started-at="2025-06-18T20:14:58 GST" name="afterTestMethod" finished-at="2025-06-18T20:14:58 GST" duration-ms="0" status="PASS">
          <params>
            <param index="0">
              <value>
                <![CDATA[[TestResult name=testCreateUser status=SUCCESS method=UserTest.testCreateUser(pojo.requests.CreateUserRequest)[pri:0, instance:tests.UserTest@502f1f4c] output={null}]]]>
              </value>
            </param>
          </params>
          <reporter-output>
          </reporter-output>
        </test-method> <!-- afterTestMethod -->
        <test-method signature="testCreateUser(pojo.requests.CreateUserRequest)[pri:0, instance:tests.UserTest@502f1f4c]" started-at="2025-06-18T20:14:58 GST" name="testCreateUser" data-provider="userData" finished-at="2025-06-18T20:14:58 GST" duration-ms="8" status="PASS">
          <params>
            <param index="0">
              <value>
                <![CDATA[CreateUserRequest(id=11, username=Sarah, firstName=Sarah, lastName=Connor, email=sarah@email.com, password=password, phone=67890, userStatus=1)]]>
              </value>
            </param>
          </params>
          <reporter-output>
          </reporter-output>
        </test-method> <!-- testCreateUser -->
        <test-method is-config="true" signature="afterTestMethod(org.testng.ITestResult)[pri:0, instance:tests.UserTest@502f1f4c]" started-at="2025-06-18T20:14:58 GST" name="afterTestMethod" finished-at="2025-06-18T20:14:58 GST" duration-ms="1" status="PASS">
          <params>
            <param index="0">
              <value>
                <![CDATA[[TestResult name=testCreateUser status=SUCCESS method=UserTest.testCreateUser(pojo.requests.CreateUserRequest)[pri:0, instance:tests.UserTest@502f1f4c] output={null}]]]>
              </value>
            </param>
          </params>
          <reporter-output>
          </reporter-output>
        </test-method> <!-- afterTestMethod -->
        <test-method signature="testDeleteUser()[pri:0, instance:tests.UserTest@502f1f4c]" started-at="2025-06-18T20:14:58 GST" name="testDeleteUser" finished-at="2025-06-18T20:14:59 GST" duration-ms="172" status="PASS">
          <reporter-output>
          </reporter-output>
        </test-method> <!-- testDeleteUser -->
        <test-method is-config="true" signature="beforeTestMethod(java.lang.reflect.Method)[pri:0, instance:tests.UserTest@502f1f4c]" started-at="2025-06-18T20:14:58 GST" name="beforeTestMethod" finished-at="2025-06-18T20:14:58 GST" duration-ms="0" status="PASS">
          <params>
            <param index="0">
              <value>
                <![CDATA[public void tests.UserTest.testDeleteUser()]]>
              </value>
            </param>
          </params>
          <reporter-output>
          </reporter-output>
        </test-method> <!-- beforeTestMethod -->
        <test-method is-config="true" signature="beforeTestMethod(java.lang.reflect.Method)[pri:0, instance:tests.UserTest@502f1f4c]" started-at="2025-06-18T20:14:59 GST" name="beforeTestMethod" finished-at="2025-06-18T20:14:59 GST" duration-ms="1" status="PASS">
          <params>
            <param index="0">
              <value>
                <![CDATA[public void tests.UserTest.testGetUser()]]>
              </value>
            </param>
          </params>
          <reporter-output>
          </reporter-output>
        </test-method> <!-- beforeTestMethod -->
        <test-method is-config="true" signature="afterTestMethod(org.testng.ITestResult)[pri:0, instance:tests.UserTest@502f1f4c]" started-at="2025-06-18T20:14:59 GST" name="afterTestMethod" finished-at="2025-06-18T20:14:59 GST" duration-ms="0" status="PASS">
          <params>
            <param index="0">
              <value>
                <![CDATA[[TestResult name=testDeleteUser status=SUCCESS method=UserTest.testDeleteUser()[pri:0, instance:tests.UserTest@502f1f4c] output={null}]]]>
              </value>
            </param>
          </params>
          <reporter-output>
          </reporter-output>
        </test-method> <!-- afterTestMethod -->
        <test-method signature="testGetUser()[pri:0, instance:tests.UserTest@502f1f4c]" started-at="2025-06-18T20:14:59 GST" name="testGetUser" finished-at="2025-06-18T20:14:59 GST" duration-ms="16" status="PASS">
          <reporter-output>
          </reporter-output>
        </test-method> <!-- testGetUser -->
        <test-method is-config="true" signature="afterTestMethod(org.testng.ITestResult)[pri:0, instance:tests.UserTest@502f1f4c]" started-at="2025-06-18T20:14:59 GST" name="afterTestMethod" finished-at="2025-06-18T20:14:59 GST" duration-ms="1" status="PASS">
          <params>
            <param index="0">
              <value>
                <![CDATA[[TestResult name=testGetUser status=SUCCESS method=UserTest.testGetUser()[pri:0, instance:tests.UserTest@502f1f4c] output={null}]]]>
              </value>
            </param>
          </params>
          <reporter-output>
          </reporter-output>
        </test-method> <!-- afterTestMethod -->
        <test-method signature="testUpdateUser()[pri:0, instance:tests.UserTest@502f1f4c]" started-at="2025-06-18T20:14:59 GST" name="testUpdateUser" finished-at="2025-06-18T20:14:59 GST" duration-ms="20" status="PASS">
          <reporter-output>
          </reporter-output>
        </test-method> <!-- testUpdateUser -->
        <test-method is-config="true" signature="beforeTestMethod(java.lang.reflect.Method)[pri:0, instance:tests.UserTest@502f1f4c]" started-at="2025-06-18T20:14:59 GST" name="beforeTestMethod" finished-at="2025-06-18T20:14:59 GST" duration-ms="0" status="PASS">
          <params>
            <param index="0">
              <value>
                <![CDATA[public void tests.UserTest.testUpdateUser()]]>
              </value>
            </param>
          </params>
          <reporter-output>
          </reporter-output>
        </test-method> <!-- beforeTestMethod -->
        <test-method is-config="true" signature="afterTestMethod(org.testng.ITestResult)[pri:0, instance:tests.UserTest@502f1f4c]" started-at="2025-06-18T20:14:59 GST" name="afterTestMethod" finished-at="2025-06-18T20:14:59 GST" duration-ms="0" status="PASS">
          <params>
            <param index="0">
              <value>
                <![CDATA[[TestResult name=testUpdateUser status=SUCCESS method=UserTest.testUpdateUser()[pri:0, instance:tests.UserTest@502f1f4c] output={null}]]]>
              </value>
            </param>
          </params>
          <reporter-output>
          </reporter-output>
        </test-method> <!-- afterTestMethod -->
        <test-method is-config="true" signature="tearDownSuite()[pri:0, instance:tests.UserTest@502f1f4c]" started-at="2025-06-18T20:14:59 GST" name="tearDownSuite" finished-at="2025-06-18T20:14:59 GST" duration-ms="116" status="PASS">
          <reporter-output>
          </reporter-output>
        </test-method> <!-- tearDownSuite -->
      </class> <!-- tests.UserTest -->
    </test> <!-- rest-assured Test -->
  </suite> <!-- ParallelTestSuite -->
</testng-results>
